Mode comparison report saved to: tmp/advanced-retrieval-amdgpu-20260214-222714/modes_compare.json
{
  "generated_at": "2026-02-14T19:27:49Z",
  "reports": {
    "semantic": "tmp/advanced-retrieval-amdgpu-20260214-222714/report_semantic.json",
    "hybrid": "tmp/advanced-retrieval-amdgpu-20260214-222714/report_hybrid.json",
    "hybrid_rerank": "tmp/advanced-retrieval-amdgpu-20260214-222714/report_hybrid_rerank.json"
  },
  "metrics": {
    "semantic": {
      "precision_at_k": 0.16666667,
      "recall_at_k": 0.83333333,
      "mrr_at_k": 0.57000000
    },
    "hybrid": {
      "precision_at_k": 0.20000000,
      "recall_at_k": 1.00000000,
      "mrr_at_k": 0.87222222
    },
    "hybrid_rerank": {
      "precision_at_k": 0.20000000,
      "recall_at_k": 1.00000000,
      "mrr_at_k": 0.92222222
    }
  },
  "deltas_vs_semantic": {
    "hybrid": {
      "precision_at_k": 0.03333333,
      "recall_at_k": 0.16666667,
      "mrr_at_k": 0.30222222
    },
    "hybrid_rerank": {
      "precision_at_k": 0.03333333,
      "recall_at_k": 0.16666667,
      "mrr_at_k": 0.35222222
    }
  }
}
